<?xml version="1.0" encoding="UTF-8"?>
<coverage generated="1640829612598" clover="3.2.0">
  <project timestamp="1640829612598" name="All files">
    <metrics statements="26" coveredstatements="26" conditionals="5" coveredconditionals="5" methods="12" coveredmethods="12" elements="43" coveredelements="43" complexity="0" loc="26" ncloc="26" packages="5" files="6" classes="6"/>
    <package name="otherComponents">
      <metrics statements="2" coveredstatements="2" conditionals="0" coveredconditionals="0" methods="0" coveredmethods="0"/>
      <file name="otherComponents.js" path="C:\Users\david\Documents\ESCUELA\CURSOS\Salesforce\test-lwc\force-app\main\default\lwc\otherComponents\otherComponents.js">
        <metrics statements="2" coveredstatements="2" conditionals="0" coveredconditionals="0" methods="0" coveredmethods="0"/>
        <line num="1" count="1" type="stmt"/>
        <line num="3" count="1" type="stmt"/>
      </file>
    </package>
    <package name="unitTest">
      <metrics statements="5" coveredstatements="5" conditionals="0" coveredconditionals="0" methods="3" coveredmethods="3"/>
      <file name="sum.js" path="C:\Users\david\Documents\ESCUELA\CURSOS\Salesforce\test-lwc\force-app\main\default\lwc\unitTest\sum.js">
        <metrics statements="1" coveredstatements="1" conditionals="0" coveredconditionals="0" methods="1" coveredmethods="1"/>
        <line num="2" count="5" type="stmt"/>
      </file>
      <file name="unitTest.js" path="C:\Users\david\Documents\ESCUELA\CURSOS\Salesforce\test-lwc\force-app\main\default\lwc\unitTest\unitTest.js">
        <metrics statements="4" coveredstatements="4" conditionals="0" coveredconditionals="0" methods="2" coveredmethods="2"/>
        <line num="1" count="1" type="stmt"/>
        <line num="2" count="1" type="stmt"/>
        <line num="4" count="6" type="stmt"/>
        <line num="7" count="1" type="stmt"/>
      </file>
    </package>
    <package name="wireApex">
      <metrics statements="8" coveredstatements="8" conditionals="3" coveredconditionals="3" methods="2" coveredmethods="2"/>
      <file name="wireApex.js" path="C:\Users\david\Documents\ESCUELA\CURSOS\Salesforce\test-lwc\force-app\main\default\lwc\wireApex\wireApex.js">
        <metrics statements="8" coveredstatements="8" conditionals="3" coveredconditionals="3" methods="2" coveredmethods="2"/>
        <line num="1" count="1" type="stmt"/>
        <line num="4" count="9" type="stmt"/>
        <line num="10" count="6" type="cond" truecount="2" falsecount="0"/>
        <line num="11" count="2" type="stmt"/>
        <line num="12" count="2" type="stmt"/>
        <line num="13" count="4" type="cond" truecount="1" falsecount="0"/>
        <line num="14" count="1" type="stmt"/>
        <line num="15" count="1" type="stmt"/>
      </file>
    </package>
    <package name="wireCPR">
      <metrics statements="4" coveredstatements="4" conditionals="2" coveredconditionals="2" methods="2" coveredmethods="2"/>
      <file name="wireCPR.js" path="C:\Users\david\Documents\ESCUELA\CURSOS\Salesforce\test-lwc\force-app\main\default\lwc\wireCPR\wireCPR.js">
        <metrics statements="4" coveredstatements="4" conditionals="2" coveredconditionals="2" methods="2" coveredmethods="2"/>
        <line num="1" count="1" type="stmt"/>
        <line num="2" count="1" type="stmt"/>
        <line num="4" count="2" type="stmt"/>
        <line num="8" count="2" type="cond" truecount="2" falsecount="0"/>
      </file>
    </package>
    <package name="wireLDS">
      <metrics statements="7" coveredstatements="7" conditionals="0" coveredconditionals="0" methods="5" coveredmethods="5"/>
      <file name="wireLDS.js" path="C:\Users\david\Documents\ESCUELA\CURSOS\Salesforce\test-lwc\force-app\main\default\lwc\wireLDS\wireLDS.js">
        <metrics statements="7" coveredstatements="7" conditionals="0" coveredconditionals="0" methods="5" coveredmethods="5"/>
        <line num="1" count="1" type="stmt"/>
        <line num="2" count="1" type="stmt"/>
        <line num="8" count="6" type="stmt"/>
        <line num="19" count="1" type="stmt"/>
        <line num="23" count="1" type="stmt"/>
        <line num="27" count="1" type="stmt"/>
        <line num="31" count="1" type="stmt"/>
      </file>
    </package>
  </project>
</coverage>
