{"C:\\Users\\david\\Documents\\ESCUELA\\CURSOS\\Salesforce\\test-lwc\\force-app\\main\\default\\lwc\\otherComponents\\otherComponents.js": {"path":"C:\\Users\\david\\Documents\\ESCUELA\\CURSOS\\Salesforce\\test-lwc\\force-app\\main\\default\\lwc\\otherComponents\\otherComponents.js","statementMap":{"0":{"start":{"line":1,"column":9},"end":{"line":1,"column":null}},"1":{"start":{"line":3,"column":0},"end":{"line":3,"column":15}}},"fnMap":{},"branchMap":{},"s":{"0":1,"1":1},"f":{},"b":{}}
,"C:\\Users\\david\\Documents\\ESCUELA\\CURSOS\\Salesforce\\test-lwc\\force-app\\main\\default\\lwc\\unitTest\\sum.js": {"path":"C:\\Users\\david\\Documents\\ESCUELA\\CURSOS\\Salesforce\\test-lwc\\force-app\\main\\default\\lwc\\unitTest\\sum.js","statementMap":{"0":{"start":{"line":2,"column":2},"end":{"line":2,"column":9}}},"fnMap":{"0":{"name":"sum","decl":{"start":{"line":1,"column":7},"end":{"line":1,"column":26}},"loc":{"start":{"line":1,"column":26},"end":{"line":3,"column":null}}}},"branchMap":{},"s":{"0":5},"f":{"0":5},"b":{}}
,"C:\\Users\\david\\Documents\\ESCUELA\\CURSOS\\Salesforce\\test-lwc\\force-app\\main\\default\\lwc\\unitTest\\unitTest.js": {"path":"C:\\Users\\david\\Documents\\ESCUELA\\CURSOS\\Salesforce\\test-lwc\\force-app\\main\\default\\lwc\\unitTest\\unitTest.js","statementMap":{"0":{"start":{"line":1,"column":9},"end":{"line":1,"column":null}},"1":{"start":{"line":2,"column":0},"end":{"line":2,"column":null}},"2":{"start":{"line":4,"column":55},"end":{"line":4,"column":null}},"3":{"start":{"line":7,"column":4},"end":{"line":7,"column":22}},"4":{"start":{"line":4,"column":0},"end":{"line":4,"column":15}}},"fnMap":{"0":{"name":"(anonymous_1)","decl":{"start":{"line":4,"column":55},"end":{"line":4,"column":null}},"loc":{"start":{"line":4,"column":55},"end":{"line":4,"column":null}}},"1":{"name":"(anonymous_2)","decl":{"start":{"line":6,"column":2},"end":{"line":6,"column":14}},"loc":{"start":{"line":6,"column":22},"end":{"line":8,"column":null}}}},"branchMap":{},"s":{"0":1,"1":1,"2":6,"3":1,"4":1},"f":{"0":3,"1":1},"b":{}}
,"C:\\Users\\david\\Documents\\ESCUELA\\CURSOS\\Salesforce\\test-lwc\\force-app\\main\\default\\lwc\\wireApex\\wireApex.js": {"path":"C:\\Users\\david\\Documents\\ESCUELA\\CURSOS\\Salesforce\\test-lwc\\force-app\\main\\default\\lwc\\wireApex\\wireApex.js","statementMap":{"0":{"start":{"line":1,"column":9},"end":{"line":1,"column":null}},"1":{"start":{"line":4,"column":55},"end":{"line":4,"column":null}},"2":{"start":{"line":10,"column":4},"end":{"line":16,"column":null}},"3":{"start":{"line":11,"column":6},"end":{"line":11,"column":null}},"4":{"start":{"line":12,"column":6},"end":{"line":12,"column":null}},"5":{"start":{"line":13,"column":11},"end":{"line":16,"column":null}},"6":{"start":{"line":14,"column":6},"end":{"line":14,"column":null}},"7":{"start":{"line":15,"column":6},"end":{"line":15,"column":null}},"8":{"start":{"line":4,"column":0},"end":{"line":4,"column":15}}},"fnMap":{"0":{"name":"(anonymous_2)","decl":{"start":{"line":4,"column":55},"end":{"line":4,"column":null}},"loc":{"start":{"line":4,"column":55},"end":{"line":4,"column":null}}},"1":{"name":"(anonymous_3)","decl":{"start":{"line":9,"column":2},"end":{"line":9,"column":15}},"loc":{"start":{"line":9,"column":33},"end":{"line":17,"column":null}}}},"branchMap":{"0":{"loc":{"start":{"line":10,"column":4},"end":{"line":16,"column":null}},"type":"if","locations":[{"start":{"line":10,"column":4},"end":{"line":16,"column":null}},{"start":{"line":13,"column":11},"end":{"line":16,"column":null}}]},"1":{"loc":{"start":{"line":13,"column":11},"end":{"line":16,"column":null}},"type":"if","locations":[{"start":{"line":13,"column":11},"end":{"line":16,"column":null}}]}},"s":{"0":1,"1":9,"2":6,"3":2,"4":2,"5":4,"6":1,"7":1,"8":1},"f":{"0":3,"1":6},"b":{"0":[2,4],"1":[1]}}
,"C:\\Users\\david\\Documents\\ESCUELA\\CURSOS\\Salesforce\\test-lwc\\force-app\\main\\default\\lwc\\wireCPR\\wireCPR.js": {"path":"C:\\Users\\david\\Documents\\ESCUELA\\CURSOS\\Salesforce\\test-lwc\\force-app\\main\\default\\lwc\\wireCPR\\wireCPR.js","statementMap":{"0":{"start":{"line":1,"column":9},"end":{"line":1,"column":null}},"1":{"start":{"line":2,"column":0},"end":{"line":2,"column":null}},"2":{"start":{"line":4,"column":54},"end":{"line":4,"column":null}},"3":{"start":{"line":8,"column":4},"end":{"line":8,"column":11}},"4":{"start":{"line":4,"column":0},"end":{"line":4,"column":15}}},"fnMap":{"0":{"name":"(anonymous_1)","decl":{"start":{"line":4,"column":54},"end":{"line":4,"column":null}},"loc":{"start":{"line":4,"column":54},"end":{"line":4,"column":null}}},"1":{"name":"(anonymous_2)","decl":{"start":{"line":7,"column":20},"end":{"line":7,"column":23}},"loc":{"start":{"line":7,"column":23},"end":{"line":9,"column":null}}}},"branchMap":{"0":{"loc":{"start":{"line":8,"column":11},"end":{"line":8,"column":3}},"type":"cond-expr","locations":[{"start":{"line":8,"column":26},"end":{"line":8,"column":30}},{"start":{"line":8,"column":4},"end":{"line":8,"column":11}}]}},"s":{"0":1,"1":1,"2":2,"3":2,"4":1},"f":{"0":1,"1":2},"b":{"0":[1,1]}}
,"C:\\Users\\david\\Documents\\ESCUELA\\CURSOS\\Salesforce\\test-lwc\\force-app\\main\\default\\lwc\\wireLDS\\wireLDS.js": {"path":"C:\\Users\\david\\Documents\\ESCUELA\\CURSOS\\Salesforce\\test-lwc\\force-app\\main\\default\\lwc\\wireLDS\\wireLDS.js","statementMap":{"0":{"start":{"line":1,"column":9},"end":{"line":1,"column":null}},"1":{"start":{"line":2,"column":0},"end":{"line":2,"column":null}},"2":{"start":{"line":8,"column":54},"end":{"line":8,"column":null}},"3":{"start":{"line":19,"column":4},"end":{"line":19,"column":11}},"4":{"start":{"line":23,"column":4},"end":{"line":23,"column":11}},"5":{"start":{"line":27,"column":4},"end":{"line":27,"column":11}},"6":{"start":{"line":31,"column":4},"end":{"line":31,"column":11}},"7":{"start":{"line":8,"column":0},"end":{"line":8,"column":15}}},"fnMap":{"0":{"name":"(anonymous_1)","decl":{"start":{"line":8,"column":54},"end":{"line":8,"column":null}},"loc":{"start":{"line":8,"column":54},"end":{"line":8,"column":null}}},"1":{"name":"(anonymous_2)","decl":{"start":{"line":18,"column":10},"end":{"line":18,"column":13}},"loc":{"start":{"line":18,"column":13},"end":{"line":20,"column":null}}},"2":{"name":"(anonymous_3)","decl":{"start":{"line":22,"column":11},"end":{"line":22,"column":14}},"loc":{"start":{"line":22,"column":14},"end":{"line":24,"column":null}}},"3":{"name":"(anonymous_4)","decl":{"start":{"line":26,"column":14},"end":{"line":26,"column":17}},"loc":{"start":{"line":26,"column":17},"end":{"line":28,"column":null}}},"4":{"name":"(anonymous_5)","decl":{"start":{"line":30,"column":11},"end":{"line":30,"column":14}},"loc":{"start":{"line":30,"column":14},"end":{"line":32,"column":null}}}},"branchMap":{},"s":{"0":1,"1":1,"2":6,"3":1,"4":1,"5":1,"6":1,"7":1},"f":{"0":2,"1":1,"2":1,"3":1,"4":1},"b":{}}
}
