TN:
SF:force-app\main\default\lwc\otherComponents\otherComponents.js
FNF:0
FNH:0
DA:1,1
DA:3,1
LF:2
LH:2
BRF:0
BRH:0
end_of_record
TN:
SF:force-app\main\default\lwc\unitTest\sum.js
FN:1,sum
FNF:1
FNH:1
FNDA:5,sum
DA:2,5
LF:1
LH:1
BRF:0
BRH:0
end_of_record
TN:
SF:force-app\main\default\lwc\unitTest\unitTest.js
FN:4,(anonymous_1)
FN:6,(anonymous_2)
FNF:2
FNH:2
FNDA:3,(anonymous_1)
FNDA:1,(anonymous_2)
DA:1,1
DA:2,1
DA:4,6
DA:7,1
LF:4
LH:4
BRF:0
BRH:0
end_of_record
TN:
SF:force-app\main\default\lwc\wireApex\wireApex.js
FN:4,(anonymous_2)
FN:9,(anonymous_3)
FNF:2
FNH:2
FNDA:3,(anonymous_2)
FNDA:6,(anonymous_3)
DA:1,1
DA:4,9
DA:10,6
DA:11,2
DA:12,2
DA:13,4
DA:14,1
DA:15,1
LF:8
LH:8
BRDA:10,0,0,2
BRDA:10,0,1,4
BRDA:13,1,0,1
BRF:3
BRH:3
end_of_record
TN:
SF:force-app\main\default\lwc\wireCPR\wireCPR.js
FN:4,(anonymous_1)
FN:7,(anonymous_2)
FNF:2
FNH:2
FNDA:1,(anonymous_1)
FNDA:2,(anonymous_2)
DA:1,1
DA:2,1
DA:4,2
DA:8,2
LF:4
LH:4
BRDA:8,0,0,1
BRDA:8,0,1,1
BRF:2
BRH:2
end_of_record
TN:
SF:force-app\main\default\lwc\wireLDS\wireLDS.js
FN:8,(anonymous_1)
FN:18,(anonymous_2)
FN:22,(anonymous_3)
FN:26,(anonymous_4)
FN:30,(anonymous_5)
FNF:5
FNH:5
FNDA:2,(anonymous_1)
FNDA:1,(anonymous_2)
FNDA:1,(anonymous_3)
FNDA:1,(anonymous_4)
FNDA:1,(anonymous_5)
DA:1,1
DA:2,1
DA:8,6
DA:19,1
DA:23,1
DA:27,1
DA:31,1
LF:7
LH:7
BRF:0
BRH:0
end_of_record
